<?xml version="1.0" encoding="UTF-8"?>
<!-- Generated by org.testng.reporters.JUnitReportReporter -->
<testsuite skipped="0" hostname="DESKTOP-R6U7DT6" name="com.hxy.testCase.ColumnManage_Test" tests="6" failures="0" timestamp="2020-12-01T19:25:18 CST" time="106.491" errors="0">
  <testcase name="ColumnManage_setDisplay_head" time="17.160" classname="com.hxy.testCase.ColumnManage_Test"/>
  <system-out/>
  <testcase name="ColumnManage_addColumn" time="18.395" classname="com.hxy.testCase.ColumnManage_Test"/>
  <system-out/>
  <testcase name="ColumnManage_updateTitle" time="19.114" classname="com.hxy.testCase.ColumnManage_Test"/>
  <system-out/>
  <testcase name="ColumnManage_setDisplay_no" time="17.639" classname="com.hxy.testCase.ColumnManage_Test"/>
  <system-out/>
  <testcase name="ColumnManage_setDisplay_all" time="17.066" classname="com.hxy.testCase.ColumnManage_Test"/>
  <system-out/>
  <testcase name="ColumnManage_setDisplay_tail" time="17.117" classname="com.hxy.testCase.ColumnManage_Test"/>
  <system-out/>
</testsuite> <!-- com.hxy.testCase.ColumnManage_Test -->
