<?xml version="1.0" encoding="UTF-8"?>
<!-- Generated by org.testng.reporters.JUnitReportReporter -->
<testsuite skipped="0" hostname="DESKTOP-R6U7DT6" name="com.hxy.testCase.SearchBox_Test" tests="1" failures="0" timestamp="2020-12-01T17:38:56 CST" time="17.739" errors="0">
  <testcase name="SearchBox_set_content_all" time="17.739" classname="com.hxy.testCase.SearchBox_Test"/>
  <system-out/>
</testsuite> <!-- com.hxy.testCase.SearchBox_Test -->
